#
# There is insufficient memory for the Java Runtime Environment to continue.
# Native memory allocation (malloc) failed to allocate 1048576 bytes for AllocateHeap
# Possible reasons:
#   The system is out of physical RAM or swap space
#   The process is running with CompressedOops enabled, and the Java Heap may be blocking the growth of the native heap
# Possible solutions:
#   Reduce memory load on the system
#   Increase physical memory or swap space
#   Check if swap backing store is full
#   Decrease Java heap size (-Xmx/-Xms)
#   Decrease number of Java threads
#   Decrease Java thread stack sizes (-Xss)
#   Set larger code cache with -XX:ReservedCodeCacheSize=
#   JVM is running with Zero Based Compressed Oops mode in which the Java heap is
#     placed in the first 32GB address space. The Java Heap base address is the
#     maximum limit for the native heap growth. Please use -XX:HeapBaseMinAddress
#     to set the Java Heap base and to place the Java Heap above 32GB virtual address.
# This output file may be truncated or incomplete.
#
#  Out of Memory Error (memory/allocation.inline.hpp:61), pid=7412, tid=0x0000000000001468
#
# JRE version:  (8.0_242-b01) (build )
# Java VM: OpenJDK 64-Bit Server VM (25.242-b01 mixed mode windows-amd64 compressed oops)
# Failed to write core dump. Minidumps are not enabled by default on client versions of Windows
#

---------------  T H R E A D  ---------------

Current thread (0x0000000001e5e000):  JavaThread "Unknown thread" [_thread_in_vm, id=5224, stack(0x0000000001c00000,0x0000000001d00000)]

Stack: [0x0000000001c00000,0x0000000001d00000]
[error occurred during error reporting (printing stack bounds), id 0xc0000005]

Native frames: (J=compiled Java code, j=interpreted, Vv=VM code, C=native code)


---------------  P R O C E S S  ---------------

Java Threads: ( => current thread )

Other Threads:

=>0x0000000001e5e000 (exited) JavaThread "Unknown thread" [_thread_in_vm, id=5224, stack(0x0000000001c00000,0x0000000001d00000)]

VM state:not at safepoint (normal execution)

VM Mutex/Monitor currently owned by a thread: None

heap address: 0x0000000701e00000, size: 3042 MB, Compressed Oops mode: Zero based, Oop shift amount: 3
Narrow klass base: 0x0000000000000000, Narrow klass shift: 3
Compressed class space size: 1073741824 Address: 0x00000007c0000000

Heap:
 PSYoungGen      total 57344K, used 983K [0x0000000780a00000, 0x0000000784a00000, 0x00000007c0000000)
  eden space 49152K, 2% used [0x0000000780a00000,0x0000000780af5c38,0x0000000783a00000)
  from space 8192K, 0% used [0x0000000784200000,0x0000000784200000,0x0000000784a00000)
  to   space 8192K, 0% used [0x0000000783a00000,0x0000000783a00000,0x0000000784200000)
 ParOldGen       total 131072K, used 0K [0x0000000701e00000, 0x0000000709e00000, 0x0000000780a00000)
  object space 131072K, 0% used [0x0000000701e00000,0x0000000701e00000,0x0000000709e00000)
 Metaspace       used 779K, capacity 4480K, committed 4480K, reserved 1056768K
  class space    used 74K, capacity 384K, committed 384K, reserved 1048576K

Card table byte_map: [0x0000000011220000,0x0000000011820000] byte_map_base: 0x000000000da11000

Marking Bits: (ParMarkBitMap*) 0x000000006182f030
 Begin Bits: [0x0000000012020000, 0x0000000014fa8000)
 End Bits:   [0x0000000014fa8000, 0x0000000017f30000)

Polling page: 0x0000000000320000

CodeCache: size=245760Kb used=328Kb max_used=328Kb free=245431Kb
 bounds [0x0000000001e60000, 0x00000000020d0000, 0x0000000010e60000]
 total_blobs=57 nmethods=0 adapters=38
 compilation: enabled

Compilation events (0 events):
No events

GC Heap History (0 events):
No events

Deoptimization events (0 events):
No events

Classes redefined (0 events):
No events

Internal exceptions (0 events):
No events

Events (10 events):
Event: 0.022 loading class java/lang/Short
Event: 0.022 loading class java/lang/Short done
Event: 0.022 loading class java/lang/Integer
Event: 0.022 loading class java/lang/Integer done
Event: 0.022 loading class java/lang/Long
Event: 0.022 loading class java/lang/Long done
Event: 0.023 loading class java/lang/NullPointerException
Event: 0.023 loading class java/lang/NullPointerException done
Event: 0.023 loading class java/lang/ArithmeticException
Event: 0.023 loading class java/lang/ArithmeticException done


Dynamic libraries:
0x00007ff785b10000 - 0x00007ff785b41000 	C:\Program Files\Android\Android Studio\jre\jre\bin\java.exe
0x00007ffed2780000 - 0x00007ffed292d000 	C:\Windows\SYSTEM32\ntdll.dll
0x00007ffed2220000 - 0x00007ffed235f000 	C:\Windows\system32\KERNEL32.DLL
0x00007ffecfc00000 - 0x00007ffecfd15000 	C:\Windows\system32\KERNELBASE.dll
0x00007ffed2160000 - 0x00007ffed220a000 	C:\Windows\system32\ADVAPI32.dll
0x00007ffed0300000 - 0x00007ffed0477000 	C:\Windows\system32\USER32.dll
0x00007ffecd1f0000 - 0x00007ffecd46b000 	C:\Windows\WinSxS\amd64_microsoft.windows.common-controls_6595b64144ccf1df_6.0.9600.19394_none_62486577ecb635cf\COMCTL32.dll
0x00007ffed0480000 - 0x00007ffed052a000 	C:\Windows\system32\msvcrt.dll
0x00007ffed20c0000 - 0x00007ffed2118000 	C:\Windows\SYSTEM32\sechost.dll
0x00007ffed1e50000 - 0x00007ffed1f90000 	C:\Windows\system32\RPCRT4.dll
0x00007ffed2580000 - 0x00007ffed26cd000 	C:\Windows\system32\GDI32.dll
0x00007ffecfd20000 - 0x00007ffecfd4e000 	C:\Windows\system32\SspiCli.dll
0x00007ffed2120000 - 0x00007ffed2156000 	C:\Windows\system32\IMM32.DLL
0x00007ffecfe00000 - 0x00007ffecff51000 	C:\Windows\system32\MSCTF.dll
0x0000000060510000 - 0x00000000605e2000 	C:\Program Files\Android\Android Studio\jre\jre\bin\msvcr100.dll
0x0000000061060000 - 0x00000000618ab000 	C:\Program Files\Android\Android Studio\jre\jre\bin\server\jvm.dll
0x00007ffec4320000 - 0x00007ffec4329000 	C:\Windows\SYSTEM32\WSOCK32.dll
0x00007ffeca3f0000 - 0x00007ffeca412000 	C:\Windows\SYSTEM32\WINMM.dll
0x00007ffecd470000 - 0x00007ffecd47a000 	C:\Windows\SYSTEM32\VERSION.dll
0x00007ffed26e0000 - 0x00007ffed26e7000 	C:\Windows\system32\PSAPI.DLL
0x00007ffed02a0000 - 0x00007ffed02fa000 	C:\Windows\system32\WS2_32.dll
0x00007ffeca3c0000 - 0x00007ffeca3ea000 	C:\Windows\SYSTEM32\WINMMBASE.dll
0x00007ffed26d0000 - 0x00007ffed26d9000 	C:\Windows\system32\NSI.dll
0x00007ffecf9d0000 - 0x00007ffecfa1f000 	C:\Windows\SYSTEM32\cfgmgr32.dll
0x00007ffece6d0000 - 0x00007ffece6f8000 	C:\Windows\SYSTEM32\DEVOBJ.dll
0x00007ffec0830000 - 0x00007ffec083f000 	C:\Program Files\Android\Android Studio\jre\jre\bin\verify.dll
0x00007ffeb61a0000 - 0x00007ffeb61c9000 	C:\Program Files\Android\Android Studio\jre\jre\bin\java.dll
0x00007ffeb5c50000 - 0x00007ffeb5c66000 	C:\Program Files\Android\Android Studio\jre\jre\bin\zip.dll

VM Arguments:
java_command: org.jetbrains.kotlin.cli.jvm.K2JVMCompiler @C:\Users\FranciscoFelix\AndroidStudioProjects\Calculadora\app\build\20201030_1477845556607695805.compiler.options
java_class_path (initial): C:\Users\FranciscoFelix\.gradle\caches\modules-2\files-2.1\org.jetbrains.kotlin\kotlin-compiler-embeddable\1.4.10\38c4b99d5d5362debdd9302a866730379aa2328a\kotlin-compiler-embeddable-1.4.10.jar;C:\Users\FranciscoFelix\.gradle\caches\modules-2\files-2.1\org.jetbrains.kotlin\kotlin-reflect\1.4.10\e2b3c6695eee6085e606d96d685396dce23a3a06\kotlin-reflect-1.4.10.jar;C:\Users\FranciscoFelix\.gradle\caches\modules-2\files-2.1\org.jetbrains.kotlin\kotlin-stdlib\1.4.10\ea29e063d2bbe695be13e9d044dcfb0c7add398e\kotlin-stdlib-1.4.10.jar;C:\Users\FranciscoFelix\.gradle\caches\modules-2\files-2.1\org.jetbrains.kotlin\kotlin-script-runtime\1.4.10\7c19d9c2001e016cd7664cebe9eea66fc04a7f4f\kotlin-script-runtime-1.4.10.jar;C:\Users\FranciscoFelix\.gradle\caches\modules-2\files-2.1\org.jetbrains.kotlin\kotlin-daemon-embeddable\1.4.10\dbd67f42bed28043d17d7c860b06110a00a45970\kotlin-daemon-embeddable-1.4.10.jar;C:\Users\FranciscoFelix\.gradle\caches\modules-2\files-2.1\org.jetbrains.intellij.deps\trove4j\1.0.20181211\216c2e14b070f334479d800987affe4054cd563f\trove4j-1.0.20181211.jar;C:\Users\FranciscoFelix\.gradle\caches\modules-2\files-2.1\org.jetbrains.kotlin\kotlin-stdlib-common\1.4.10\6229be3465805c99db1142ad75e6c6ddeac0b04c\kotlin-stdlib-common-1.4.10.jar;C:\Users\FranciscoFelix\.gradle\caches\modules-2\files-2.1\org.jetbrains\annotations\13.0\919f0dfe192fb4e063e7dacadee7f8bb9a2672a9\annotations-13.0.jar;C:\Program Files\Android\Android Studio\jre\lib\tools.jar
Launcher Type: SUN_STANDARD

Environment Variables:
PATH=C:\Program Files (x86)\Common Files\Oracle\Java\javapath;C:\Windows\system32;C:\Windows;C:\Windows\System32\Wbem;C:\Windows\System32\WindowsPowerShell\v1.0\;C:\PROGRA~2\Borland\Delphi6\Bin;C:\PROGRA~2\Borland\Delphi6\Projects\Bpl;C:\Program Files (x86)\NVIDIA Corporation\PhysX\Common;;C:\Users\FranciscoFelix\AppData\Local\Programs\Microsoft VS Code\bin
USERNAME=FranciscoFelix
OS=Windows_NT
PROCESSOR_IDENTIFIER=Intel64 Family 6 Model 58 Stepping 9, GenuineIntel



---------------  S Y S T E M  ---------------

OS: Windows 8.1 , 64 bit Build 9600 (6.3.9600.19843)

CPU:total 4 (initial active 4) (2 cores per cpu, 2 threads per core) family 6 model 58 stepping 9, cmov, cx8, fxsr, mmx, sse, sse2, sse3, ssse3, sse4.1, sse4.2, popcnt, avx, aes, clmul, erms, ht, tsc, tscinvbit, tscinv

Memory: 4k page, physical 12459288k(1873944k free), swap 12459288k(6064k free)

vm_info: OpenJDK 64-Bit Server VM (25.242-b01) for windows-amd64 JRE (1.8.0_242-release-1644-b01), built by "builder" with MS VC++ 10.0 (VS2010)

time: Fri Oct 30 15:13:07 2020
timezone: Hora oficial do Brasil
elapsed time: 0 seconds (0d 0h 0m 0s)

