#
# There is insufficient memory for the Java Runtime Environment to continue.
# Native memory allocation (malloc) failed to allocate 40976 bytes for Chunk::new
# Possible reasons:
#   The system is out of physical RAM or swap space
#   The process is running with CompressedOops enabled, and the Java Heap may be blocking the growth of the native heap
# Possible solutions:
#   Reduce memory load on the system
#   Increase physical memory or swap space
#   Check if swap backing store is full
#   Decrease Java heap size (-Xmx/-Xms)
#   Decrease number of Java threads
#   Decrease Java thread stack sizes (-Xss)
#   Set larger code cache with -XX:ReservedCodeCacheSize=
#   JVM is running with Zero Based Compressed Oops mode in which the Java heap is
#     placed in the first 32GB address space. The Java Heap base address is the
#     maximum limit for the native heap growth. Please use -XX:HeapBaseMinAddress
#     to set the Java Heap base and to place the Java Heap above 32GB virtual address.
# This output file may be truncated or incomplete.
#
#  Out of Memory Error (allocation.cpp:389), pid=5536, tid=0x0000000000000668
#
# JRE version: OpenJDK Runtime Environment (8.0_242-b01) (build 1.8.0_242-release-1644-b01)
# Java VM: OpenJDK 64-Bit Server VM (25.242-b01 mixed mode windows-amd64 compressed oops)
# Failed to write core dump. Minidumps are not enabled by default on client versions of Windows
#

---------------  T H R E A D  ---------------

Current thread (0x0000000019598800):  JavaThread "C1 CompilerThread2" daemon [_thread_in_native, id=1640, stack(0x000000001ade0000,0x000000001aee0000)]

Stack: [0x000000001ade0000,0x000000001aee0000]
[error occurred during error reporting (printing stack bounds), id 0xc0000005]

Native frames: (J=compiled Java code, j=interpreted, Vv=VM code, C=native code)


Current CompileTask:
C1:    946 1146   !   3       kotlin.reflect.jvm.internal.impl.metadata.ProtoBuf$Class::<init> (1949 bytes)


---------------  P R O C E S S  ---------------

Java Threads: ( => current thread )
  0x00000000195de800 JavaThread "Service Thread" daemon [_thread_blocked, id=5480, stack(0x000000001b2e0000,0x000000001b3e0000)]
=>0x0000000019598800 JavaThread "C1 CompilerThread2" daemon [_thread_in_native, id=1640, stack(0x000000001ade0000,0x000000001aee0000)]
  0x000000001958d000 JavaThread "C2 CompilerThread1" daemon [_thread_blocked, id=3804, stack(0x000000001ace0000,0x000000001ade0000)]
  0x0000000019586800 JavaThread "C2 CompilerThread0" daemon [_thread_blocked, id=6100, stack(0x000000001abe0000,0x000000001ace0000)]
  0x0000000019583000 JavaThread "Attach Listener" daemon [_thread_blocked, id=5572, stack(0x000000001aae0000,0x000000001abe0000)]
  0x0000000019582000 JavaThread "Signal Dispatcher" daemon [_thread_blocked, id=4232, stack(0x000000001a9e0000,0x000000001aae0000)]
  0x000000000250b000 JavaThread "Finalizer" daemon [_thread_blocked, id=6936, stack(0x000000001a7f0000,0x000000001a8f0000)]
  0x0000000002502000 JavaThread "Reference Handler" daemon [_thread_blocked, id=6004, stack(0x000000001a6f0000,0x000000001a7f0000)]
  0x000000000240e000 JavaThread "main" [_thread_in_vm, id=1592, stack(0x00000000022b0000,0x00000000023b0000)]

Other Threads:
  0x0000000019546800 VMThread [stack: 0x000000001a5f0000,0x000000001a6f0000] [id=7364]
  0x000000001af16800 WatcherThread [stack: 0x000000001b3e0000,0x000000001b4e0000] [id=6096]

VM state:not at safepoint (normal execution)

VM Mutex/Monitor currently owned by a thread: None

heap address: 0x0000000701e00000, size: 3042 MB, Compressed Oops mode: Zero based, Oop shift amount: 3
Narrow klass base: 0x0000000000000000, Narrow klass shift: 3
Compressed class space size: 1073741824 Address: 0x00000007c0000000

Heap:
 PSYoungGen      total 57344K, used 44061K [0x0000000780a00000, 0x0000000784a00000, 0x00000007c0000000)
  eden space 49152K, 89% used [0x0000000780a00000,0x0000000783507760,0x0000000783a00000)
  from space 8192K, 0% used [0x0000000784200000,0x0000000784200000,0x0000000784a00000)
  to   space 8192K, 0% used [0x0000000783a00000,0x0000000783a00000,0x0000000784200000)
 ParOldGen       total 131072K, used 0K [0x0000000701e00000, 0x0000000709e00000, 0x0000000780a00000)
  object space 131072K, 0% used [0x0000000701e00000,0x0000000701e00000,0x0000000709e00000)
 Metaspace       used 11354K, capacity 11538K, committed 11904K, reserved 1060864K
  class space    used 1214K, capacity 1285K, committed 1408K, reserved 1048576K

Card table byte_map: [0x00000000118d0000,0x0000000011ed0000] byte_map_base: 0x000000000e0c1000

Marking Bits: (ParMarkBitMap*) 0x000000006182f030
 Begin Bits: [0x00000000126d0000, 0x0000000015658000)
 End Bits:   [0x0000000015658000, 0x00000000185e0000)

Polling page: 0x00000000009b0000

CodeCache: size=245760Kb used=3820Kb max_used=3821Kb free=241939Kb
 bounds [0x0000000002510000, 0x00000000028d0000, 0x0000000011510000]
 total_blobs=1483 nmethods=1142 adapters=254
 compilation: enabled

Compilation events (10 events):
Event: 0.919 Thread 0x0000000019598800 1140       3       java.lang.ThreadLocal::getMap (5 bytes)
Event: 0.919 Thread 0x000000001958d000 nmethod 1139 0x00000000028ba8d0 code [0x00000000028baa00, 0x00000000028baa78]
Event: 0.920 Thread 0x0000000019598800 nmethod 1140 0x00000000028c95d0 code [0x00000000028c9720, 0x00000000028c9870]
Event: 0.920 Thread 0x0000000019598800 1141       3       java.util.AbstractSequentialList::iterator (5 bytes)
Event: 0.920 Thread 0x0000000019598800 nmethod 1141 0x00000000028c9090 code [0x00000000028c9200, 0x00000000028c94e8]
Event: 0.920 Thread 0x0000000019598800 1142       3       java.util.LinkedList::listIterator (15 bytes)
Event: 0.920 Thread 0x0000000019598800 nmethod 1142 0x00000000028cda90 code [0x00000000028cdc40, 0x00000000028ce0c8]
Event: 0.920 Thread 0x0000000019598800 1143       3       java.util.LinkedList::checkPositionIndex (22 bytes)
Event: 0.921 Thread 0x0000000019598800 nmethod 1143 0x00000000028cc6d0 code [0x00000000028cc8e0, 0x00000000028cd4b8]
Event: 0.921 Thread 0x0000000019598800 1146   !   3       kotlin.reflect.jvm.internal.impl.metadata.ProtoBuf$Class::<init> (1949 bytes)

GC Heap History (0 events):
No events

Deoptimization events (2 events):
Event: 0.446 Thread 0x000000000240e000 Uncommon trap: reason=unstable_if action=reinterpret pc=0x00000000026deef0 method=java.lang.String.indexOf([CII[CIII)I @ 134
Event: 0.710 Thread 0x000000000240e000 Uncommon trap: reason=unstable_if action=reinterpret pc=0x000000000279bc48 method=kotlin.reflect.jvm.internal.impl.protobuf.CodedInputStream.readRawVarint32()I @ 10

Classes redefined (0 events):
No events

Internal exceptions (10 events):
Event: 0.171 Thread 0x000000000240e000 Exception <a 'java/lang/NoSuchFieldError': method resolution failed> (0x0000000780df5960) thrown at [C:\src\AOSP-openjdk-git\hotspot\src\share\vm\prims\methodHandles.cpp, line 1167]
Event: 0.172 Thread 0x000000000240e000 Exception <a 'java/lang/NoSuchFieldError': method resolution failed> (0x0000000780e02fa8) thrown at [C:\src\AOSP-openjdk-git\hotspot\src\share\vm\prims\methodHandles.cpp, line 1167]
Event: 0.444 Thread 0x000000000240e000 Exception <a 'java/security/PrivilegedActionException'> (0x0000000781a38ee0) thrown at [C:\src\AOSP-openjdk-git\hotspot\src\share\vm\prims\jvm.cpp, line 1502]
Event: 0.444 Thread 0x000000000240e000 Exception <a 'java/security/PrivilegedActionException'> (0x0000000781a392d8) thrown at [C:\src\AOSP-openjdk-git\hotspot\src\share\vm\prims\jvm.cpp, line 1502]
Event: 0.445 Thread 0x000000000240e000 Exception <a 'java/security/PrivilegedActionException'> (0x0000000781a3d498) thrown at [C:\src\AOSP-openjdk-git\hotspot\src\share\vm\prims\jvm.cpp, line 1502]
Event: 0.445 Thread 0x000000000240e000 Exception <a 'java/security/PrivilegedActionException'> (0x0000000781a3d890) thrown at [C:\src\AOSP-openjdk-git\hotspot\src\share\vm\prims\jvm.cpp, line 1502]
Event: 0.445 Thread 0x000000000240e000 Exception <a 'java/security/PrivilegedActionException'> (0x0000000781a3f380) thrown at [C:\src\AOSP-openjdk-git\hotspot\src\share\vm\prims\jvm.cpp, line 1502]
Event: 0.445 Thread 0x000000000240e000 Exception <a 'java/security/PrivilegedActionException'> (0x0000000781a3f778) thrown at [C:\src\AOSP-openjdk-git\hotspot\src\share\vm\prims\jvm.cpp, line 1502]
Event: 0.677 Thread 0x000000000240e000 Exception <a 'java/lang/ArrayIndexOutOfBoundsException'> (0x00000007827bdcd0) thrown at [C:\src\AOSP-openjdk-git\hotspot\src\share\vm\runtime\sharedRuntime.cpp, line 605]
Event: 0.876 Thread 0x000000000240e000 Exception <a 'java/lang/ArrayIndexOutOfBoundsException'> (0x0000000783136268) thrown at [C:\src\AOSP-openjdk-git\hotspot\src\share\vm\runtime\sharedRuntime.cpp, line 605]

Events (10 events):
Event: 0.941 loading class kotlin/reflect/jvm/internal/impl/metadata/deserialization/ProtoBufUtilKt
Event: 0.941 loading class kotlin/reflect/jvm/internal/impl/metadata/deserialization/ProtoBufUtilKt done
Event: 0.942 loading class kotlin/reflect/jvm/internal/JvmPropertySignature$KotlinProperty
Event: 0.942 loading class kotlin/reflect/jvm/internal/JvmPropertySignature$KotlinProperty done
Event: 0.942 loading class kotlin/reflect/jvm/internal/JvmPropertySignature
Event: 0.942 loading class kotlin/reflect/jvm/internal/JvmPropertySignature done
Event: 0.944 loading class kotlin/reflect/jvm/internal/KFunctionImpl
Event: 0.944 loading class kotlin/reflect/jvm/internal/KFunctionImpl done
Event: 0.945 loading class kotlin/reflect/jvm/internal/FunctionWithAllInvokes
Event: 0.945 loading class kotlin/reflect/jvm/internal/FunctionWithAllInvokes done


Dynamic libraries:
0x00007ff785b10000 - 0x00007ff785b41000 	C:\Program Files\Android\Android Studio\jre\jre\bin\java.exe
0x00007ffed2780000 - 0x00007ffed292d000 	C:\Windows\SYSTEM32\ntdll.dll
0x00007ffed2220000 - 0x00007ffed235f000 	C:\Windows\system32\KERNEL32.DLL
0x00007ffecfc00000 - 0x00007ffecfd15000 	C:\Windows\system32\KERNELBASE.dll
0x00007ffed2160000 - 0x00007ffed220a000 	C:\Windows\system32\ADVAPI32.dll
0x00007ffed0300000 - 0x00007ffed0477000 	C:\Windows\system32\USER32.dll
0x00007ffecd1f0000 - 0x00007ffecd46b000 	C:\Windows\WinSxS\amd64_microsoft.windows.common-controls_6595b64144ccf1df_6.0.9600.19394_none_62486577ecb635cf\COMCTL32.dll
0x00007ffed0480000 - 0x00007ffed052a000 	C:\Windows\system32\msvcrt.dll
0x00007ffed20c0000 - 0x00007ffed2118000 	C:\Windows\SYSTEM32\sechost.dll
0x00007ffed1e50000 - 0x00007ffed1f90000 	C:\Windows\system32\RPCRT4.dll
0x00007ffed2580000 - 0x00007ffed26cd000 	C:\Windows\system32\GDI32.dll
0x00007ffecfd20000 - 0x00007ffecfd4e000 	C:\Windows\system32\SspiCli.dll
0x00007ffed2120000 - 0x00007ffed2156000 	C:\Windows\system32\IMM32.DLL
0x00007ffecfe00000 - 0x00007ffecff51000 	C:\Windows\system32\MSCTF.dll
0x0000000060510000 - 0x00000000605e2000 	C:\Program Files\Android\Android Studio\jre\jre\bin\msvcr100.dll
0x0000000061060000 - 0x00000000618ab000 	C:\Program Files\Android\Android Studio\jre\jre\bin\server\jvm.dll
0x00007ffec4320000 - 0x00007ffec4329000 	C:\Windows\SYSTEM32\WSOCK32.dll
0x00007ffeca3f0000 - 0x00007ffeca412000 	C:\Windows\SYSTEM32\WINMM.dll
0x00007ffecd470000 - 0x00007ffecd47a000 	C:\Windows\SYSTEM32\VERSION.dll
0x00007ffed26e0000 - 0x00007ffed26e7000 	C:\Windows\system32\PSAPI.DLL
0x00007ffed02a0000 - 0x00007ffed02fa000 	C:\Windows\system32\WS2_32.dll
0x00007ffeca3c0000 - 0x00007ffeca3ea000 	C:\Windows\SYSTEM32\WINMMBASE.dll
0x00007ffed26d0000 - 0x00007ffed26d9000 	C:\Windows\system32\NSI.dll
0x00007ffecf9d0000 - 0x00007ffecfa1f000 	C:\Windows\SYSTEM32\cfgmgr32.dll
0x00007ffece6d0000 - 0x00007ffece6f8000 	C:\Windows\SYSTEM32\DEVOBJ.dll
0x00007ffec0830000 - 0x00007ffec083f000 	C:\Program Files\Android\Android Studio\jre\jre\bin\verify.dll
0x00007ffeb61a0000 - 0x00007ffeb61c9000 	C:\Program Files\Android\Android Studio\jre\jre\bin\java.dll
0x00007ffeb5c50000 - 0x00007ffeb5c66000 	C:\Program Files\Android\Android Studio\jre\jre\bin\zip.dll
0x00007ffed0540000 - 0x00007ffed1a6e000 	C:\Windows\system32\SHELL32.dll
0x00007ffed2360000 - 0x00007ffed2571000 	C:\Windows\SYSTEM32\combase.dll
0x00007ffed1f90000 - 0x00007ffed1fe4000 	C:\Windows\system32\SHLWAPI.dll
0x00007ffecdc10000 - 0x00007ffecdcc2000 	C:\Windows\SYSTEM32\SHCORE.dll
0x00007ffecf8a0000 - 0x00007ffecf8b5000 	C:\Windows\SYSTEM32\profapi.dll

VM Arguments:
java_command: org.jetbrains.kotlin.cli.jvm.K2JVMCompiler @C:\Users\FranciscoFelix\AndroidStudioProjects\Calculadora\app\build\20201030_6197364837047810893.compiler.options
java_class_path (initial): C:\Users\FranciscoFelix\.gradle\caches\modules-2\files-2.1\org.jetbrains.kotlin\kotlin-compiler-embeddable\1.4.10\38c4b99d5d5362debdd9302a866730379aa2328a\kotlin-compiler-embeddable-1.4.10.jar;C:\Users\FranciscoFelix\.gradle\caches\modules-2\files-2.1\org.jetbrains.kotlin\kotlin-reflect\1.4.10\e2b3c6695eee6085e606d96d685396dce23a3a06\kotlin-reflect-1.4.10.jar;C:\Users\FranciscoFelix\.gradle\caches\modules-2\files-2.1\org.jetbrains.kotlin\kotlin-stdlib\1.4.10\ea29e063d2bbe695be13e9d044dcfb0c7add398e\kotlin-stdlib-1.4.10.jar;C:\Users\FranciscoFelix\.gradle\caches\modules-2\files-2.1\org.jetbrains.kotlin\kotlin-script-runtime\1.4.10\7c19d9c2001e016cd7664cebe9eea66fc04a7f4f\kotlin-script-runtime-1.4.10.jar;C:\Users\FranciscoFelix\.gradle\caches\modules-2\files-2.1\org.jetbrains.kotlin\kotlin-daemon-embeddable\1.4.10\dbd67f42bed28043d17d7c860b06110a00a45970\kotlin-daemon-embeddable-1.4.10.jar;C:\Users\FranciscoFelix\.gradle\caches\modules-2\files-2.1\org.jetbrains.intellij.deps\trove4j\1.0.20181211\216c2e14b070f334479d800987affe4054cd563f\trove4j-1.0.20181211.jar;C:\Users\FranciscoFelix\.gradle\caches\modules-2\files-2.1\org.jetbrains.kotlin\kotlin-stdlib-common\1.4.10\6229be3465805c99db1142ad75e6c6ddeac0b04c\kotlin-stdlib-common-1.4.10.jar;C:\Users\FranciscoFelix\.gradle\caches\modules-2\files-2.1\org.jetbrains\annotations\13.0\919f0dfe192fb4e063e7dacadee7f8bb9a2672a9\annotations-13.0.jar;C:\Program Files\Android\Android Studio\jre\lib\tools.jar
Launcher Type: SUN_STANDARD

Environment Variables:
PATH=C:\Program Files (x86)\Common Files\Oracle\Java\javapath;C:\Windows\system32;C:\Windows;C:\Windows\System32\Wbem;C:\Windows\System32\WindowsPowerShell\v1.0\;C:\PROGRA~2\Borland\Delphi6\Bin;C:\PROGRA~2\Borland\Delphi6\Projects\Bpl;C:\Program Files (x86)\NVIDIA Corporation\PhysX\Common;;C:\Users\FranciscoFelix\AppData\Local\Programs\Microsoft VS Code\bin
USERNAME=FranciscoFelix
OS=Windows_NT
PROCESSOR_IDENTIFIER=Intel64 Family 6 Model 58 Stepping 9, GenuineIntel



---------------  S Y S T E M  ---------------

OS: Windows 8.1 , 64 bit Build 9600 (6.3.9600.19843)

CPU:total 4 (initial active 4) (2 cores per cpu, 2 threads per core) family 6 model 58 stepping 9, cmov, cx8, fxsr, mmx, sse, sse2, sse3, ssse3, sse4.1, sse4.2, popcnt, avx, aes, clmul, erms, ht, tsc, tscinvbit, tscinv

Memory: 4k page, physical 12459288k(1865016k free), swap 12459288k(5100k free)

vm_info: OpenJDK 64-Bit Server VM (25.242-b01) for windows-amd64 JRE (1.8.0_242-release-1644-b01), built by "builder" with MS VC++ 10.0 (VS2010)

time: Fri Oct 30 15:18:46 2020
timezone: Hora oficial do Brasil
elapsed time: 0 seconds (0d 0h 0m 0s)

